Drill report for Irrigation Project.kicad_pcb
Created on 18-Sep-22 03:45:47 PM

Copper Layer Stackup:
    =============================================================
    L1 :  F.Cu                      front
    L2 :  B.Cu                      back


Drill file 'Irrigation Project-PTH.drl' contains
    plated through holes:
    =============================================================
    T1  0.300mm  0.0118"  (36 holes)
    T2  0.400mm  0.0157"  (59 holes)
    T3  0.800mm  0.0315"  (46 holes)
    T4  1.000mm  0.0394"  (44 holes)
    T5  1.100mm  0.0433"  (7 holes)
    T6  1.400mm  0.0551"  (4 holes)
    T7  1.600mm  0.0630"  (4 holes)

    Total plated holes count 200


Drill file 'Irrigation Project-NPTH.drl' contains
    unplated through holes:
    =============================================================
    T1  3.200mm  0.1260"  (4 holes)
    T2  3.500mm  0.1378"  (1 hole)

    Total unplated holes count 5
